2019-04-16 14:39:52.292 [main] INFO  com.xiaoxiong.MemberServer - No active profile set, falling back to default profiles: default
2019-04-16 14:39:54.900 [main] INFO  org.apache.catalina.core.StandardService - Starting service Tomcat
2019-04-16 14:39:54.901 [main] INFO  org.apache.catalina.core.StandardEngine - Starting Servlet Engine: Apache Tomcat/8.5.14
2019-04-16 14:39:55.042 [localhost-startStop-1] INFO  org.apache.catalina.core.ContainerBase.[Tomcat].[localhost].[/] - Initializing Spring embedded WebApplicationContext
2019-04-16 14:39:56.912 [main] WARN  com.netflix.config.sources.URLConfigurationSource - No URLs will be polled as dynamic configuration sources.
2019-04-16 14:39:56.913 [main] INFO  com.netflix.config.sources.URLConfigurationSource - To enable URLs as dynamic configuration sources, define System property archaius.configurationSource.additionalUrls or make config.properties available on classpath.
2019-04-16 14:39:56.918 [main] WARN  com.netflix.config.sources.URLConfigurationSource - No URLs will be polled as dynamic configuration sources.
2019-04-16 14:39:56.918 [main] INFO  com.netflix.config.sources.URLConfigurationSource - To enable URLs as dynamic configuration sources, define System property archaius.configurationSource.additionalUrls or make config.properties available on classpath.
2019-04-16 14:40:00.478 [main] WARN  org.springframework.cloud.starter.eureka.server.EurekaServerStarterDeprecationWarningAutoConfiguration - spring-cloud-starter-eureka-server is deprecated as of Spring Cloud Netflix 1.4.0, please migrate to spring-cloud-starter-netflix-eureka-server
2019-04-16 14:40:00.778 [main] INFO  com.netflix.discovery.DiscoveryClient - Initializing Eureka in region us-east-1
2019-04-16 14:40:01.153 [main] INFO  com.netflix.discovery.provider.DiscoveryJerseyProvider - Using JSON encoding codec LegacyJacksonJson
2019-04-16 14:40:01.153 [main] INFO  com.netflix.discovery.provider.DiscoveryJerseyProvider - Using JSON decoding codec LegacyJacksonJson
2019-04-16 14:40:01.317 [main] INFO  com.netflix.discovery.provider.DiscoveryJerseyProvider - Using XML encoding codec XStreamXml
2019-04-16 14:40:01.317 [main] INFO  com.netflix.discovery.provider.DiscoveryJerseyProvider - Using XML decoding codec XStreamXml
2019-04-16 14:40:01.645 [main] INFO  com.netflix.discovery.shared.resolver.aws.ConfigClusterResolver - Resolving eureka endpoints via configuration
2019-04-16 14:40:01.759 [main] INFO  com.netflix.discovery.DiscoveryClient - Disable delta property : false
2019-04-16 14:40:01.759 [main] INFO  com.netflix.discovery.DiscoveryClient - Single vip registry refresh property : null
2019-04-16 14:40:01.759 [main] INFO  com.netflix.discovery.DiscoveryClient - Force full registry fetch : false
2019-04-16 14:40:01.759 [main] INFO  com.netflix.discovery.DiscoveryClient - Application is null : false
2019-04-16 14:40:01.759 [main] INFO  com.netflix.discovery.DiscoveryClient - Registered Applications size is zero : true
2019-04-16 14:40:01.759 [main] INFO  com.netflix.discovery.DiscoveryClient - Application version is -1: true
2019-04-16 14:40:01.759 [main] INFO  com.netflix.discovery.DiscoveryClient - Getting all instance registry info from the eureka server
2019-04-16 14:40:01.978 [main] INFO  com.netflix.discovery.DiscoveryClient - The response status is 200
2019-04-16 14:40:01.979 [main] INFO  com.netflix.discovery.DiscoveryClient - Starting heartbeat executor: renew interval is: 30
2019-04-16 14:40:01.982 [main] INFO  com.netflix.discovery.InstanceInfoReplicator - InstanceInfoReplicator onDemand update allowed rate per min is 4
2019-04-16 14:40:01.987 [main] INFO  com.netflix.discovery.DiscoveryClient - Discovery Client initialized at timestamp 1555396801987 with initial instances count: 1
2019-04-16 14:40:02.000 [main] INFO  com.netflix.discovery.DiscoveryClient - Saw local status change event StatusChangeEvent [timestamp=1555396802000, current=UP, previous=STARTING]
2019-04-16 14:40:02.098 [main] INFO  org.apache.coyote.http11.Http11NioProtocol - Initializing ProtocolHandler ["http-nio-8762"]
2019-04-16 14:40:02.113 [main] INFO  org.apache.coyote.http11.Http11NioProtocol - Starting ProtocolHandler ["http-nio-8762"]
2019-04-16 14:40:02.125 [main] INFO  org.apache.tomcat.util.net.NioSelectorPool - Using a shared selector for servlet write/read
2019-04-16 14:40:02.162 [main] INFO  com.xiaoxiong.MemberServer - Started MemberServer in 12.031 seconds (JVM running for 13.778)
2019-04-16 14:40:03.375 [DiscoveryClient-InstanceInfoReplicator-0] INFO  com.alibaba.druid.pool.DruidDataSource - {dataSource-1} inited
2019-04-16 14:40:05.074 [DiscoveryClient-InstanceInfoReplicator-0] WARN  com.netflix.discovery.DiscoveryClient - Saw local status change event StatusChangeEvent [timestamp=1555396805074, current=DOWN, previous=UP]
2019-04-16 14:40:05.074 [DiscoveryClient-InstanceInfoReplicator-0] WARN  com.netflix.discovery.InstanceInfoReplicator - Ignoring onDemand update due to rate limiter
2019-04-16 14:40:05.074 [DiscoveryClient-InstanceInfoReplicator-0] INFO  com.netflix.discovery.DiscoveryClient - DiscoveryClient_MEMBER/SDWM-20190308VM:member:8762: registering service...
2019-04-16 14:40:05.103 [DiscoveryClient-InstanceInfoReplicator-0] INFO  com.netflix.discovery.DiscoveryClient - DiscoveryClient_MEMBER/SDWM-20190308VM:member:8762 - registration status: 204
2019-04-16 14:43:10.006 [http-nio-8762-exec-1] INFO  org.apache.catalina.core.ContainerBase.[Tomcat].[localhost].[/] - Initializing Spring FrameworkServlet 'dispatcherServlet'
2019-04-16 14:43:10.096 [http-nio-8762-exec-1] INFO  com.xiaoxiong.common.log.LogAspectServiceApi - ===============请求内容===============
2019-04-16 14:43:10.096 [http-nio-8762-exec-1] INFO  com.xiaoxiong.common.log.LogAspectServiceApi - 请求地址:http://127.0.0.1:8762/member/regist
2019-04-16 14:43:10.096 [http-nio-8762-exec-1] INFO  com.xiaoxiong.common.log.LogAspectServiceApi - 请求方式:POST
2019-04-16 14:43:10.112 [http-nio-8762-exec-1] INFO  com.xiaoxiong.common.log.LogAspectServiceApi - 请求类方法:Map com.xiaoxiong.api.service.impl.UserServiceImpl.regist(UserEntity)
2019-04-16 14:43:10.112 [http-nio-8762-exec-1] INFO  com.xiaoxiong.common.log.LogAspectServiceApi - 请求类方法参数:[com.xiaoxiong.entity.UserEntity@57855316]
2019-04-16 14:43:10.112 [http-nio-8762-exec-1] INFO  com.xiaoxiong.common.log.LogAspectServiceApi - ===============请求内容===============
2019-04-16 14:43:10.120 [http-nio-8762-exec-1] INFO  com.xiaoxiong.common.log.LogAspectServiceApi - ===============请求内容===============
2019-04-16 14:43:10.120 [http-nio-8762-exec-1] INFO  com.xiaoxiong.common.log.LogAspectServiceApi - 请求地址:http://127.0.0.1:8762/member/regist
2019-04-16 14:43:10.120 [http-nio-8762-exec-1] INFO  com.xiaoxiong.common.log.LogAspectServiceApi - 请求方式:POST
2019-04-16 14:43:10.120 [http-nio-8762-exec-1] INFO  com.xiaoxiong.common.log.LogAspectServiceApi - 请求类方法:void com.xiaoxiong.common.mybatis.BaseDao.save(Object,String)
2019-04-16 14:43:10.120 [http-nio-8762-exec-1] INFO  com.xiaoxiong.common.log.LogAspectServiceApi - 请求类方法参数:[com.xiaoxiong.entity.UserEntity@57855316, mb_user]
2019-04-16 14:43:10.120 [http-nio-8762-exec-1] INFO  com.xiaoxiong.common.log.LogAspectServiceApi - ===============请求内容===============
2019-04-16 14:43:11.148 [http-nio-8762-exec-1] ERROR com.xiaoxiong.api.service.impl.UserServiceImpl - ###regist()  error:
org.springframework.dao.DuplicateKeyException: 
### Error updating database.  Cause: com.mysql.jdbc.exceptions.jdbc4.MySQLIntegrityConstraintViolationException: Duplicate entry '张三' for key 'username'
### The error may involve com.xiaoxiong.dao.UserDao.save-Inline
### The error occurred while setting parameters
### SQL: INSERT INTO mb_user  (userName,phone,email,password,id,created,updated) VALUES ('张三','123456','875110381@qq.com','E10ADC3949BA59ABBE56E057F20F883E',null,'2019-04-16 14:43:10.119','2019-04-16 14:43:10.119')
### Cause: com.mysql.jdbc.exceptions.jdbc4.MySQLIntegrityConstraintViolationException: Duplicate entry '张三' for key 'username'
; SQL []; Duplicate entry '张三' for key 'username'; nested exception is com.mysql.jdbc.exceptions.jdbc4.MySQLIntegrityConstraintViolationException: Duplicate entry '张三' for key 'username'
	at org.springframework.jdbc.support.SQLErrorCodeSQLExceptionTranslator.doTranslate(SQLErrorCodeSQLExceptionTranslator.java:239)
	at org.springframework.jdbc.support.AbstractFallbackSQLExceptionTranslator.translate(AbstractFallbackSQLExceptionTranslator.java:73)
	at org.mybatis.spring.MyBatisExceptionTranslator.translateExceptionIfPossible(MyBatisExceptionTranslator.java:73)
	at org.mybatis.spring.SqlSessionTemplate$SqlSessionInterceptor.invoke(SqlSessionTemplate.java:446)
	at com.sun.proxy.$Proxy97.insert(Unknown Source)
	at org.mybatis.spring.SqlSessionTemplate.insert(SqlSessionTemplate.java:278)
	at org.apache.ibatis.binding.MapperMethod.execute(MapperMethod.java:56)
	at org.apache.ibatis.binding.MapperProxy.invoke(MapperProxy.java:53)
	at com.sun.proxy.$Proxy100.save(Unknown Source)
	at sun.reflect.NativeMethodAccessorImpl.invoke0(Native Method)
	at sun.reflect.NativeMethodAccessorImpl.invoke(NativeMethodAccessorImpl.java:62)
	at sun.reflect.DelegatingMethodAccessorImpl.invoke(DelegatingMethodAccessorImpl.java:43)
	at java.lang.reflect.Method.invoke(Method.java:498)
	at org.springframework.aop.support.AopUtils.invokeJoinpointUsingReflection(AopUtils.java:333)
	at org.springframework.aop.framework.ReflectiveMethodInvocation.invokeJoinpoint(ReflectiveMethodInvocation.java:190)
	at org.springframework.aop.framework.ReflectiveMethodInvocation.proceed(ReflectiveMethodInvocation.java:157)
	at org.springframework.aop.framework.adapter.MethodBeforeAdviceInterceptor.invoke(MethodBeforeAdviceInterceptor.java:52)
	at org.springframework.aop.framework.ReflectiveMethodInvocation.proceed(ReflectiveMethodInvocation.java:179)
	at org.springframework.aop.framework.adapter.AfterReturningAdviceInterceptor.invoke(AfterReturningAdviceInterceptor.java:52)
	at org.springframework.aop.framework.ReflectiveMethodInvocation.proceed(ReflectiveMethodInvocation.java:179)
	at org.springframework.aop.interceptor.ExposeInvocationInterceptor.invoke(ExposeInvocationInterceptor.java:92)
	at org.springframework.aop.framework.ReflectiveMethodInvocation.proceed(ReflectiveMethodInvocation.java:179)
	at org.springframework.aop.framework.JdkDynamicAopProxy.invoke(JdkDynamicAopProxy.java:213)
	at com.sun.proxy.$Proxy102.save(Unknown Source)
	at com.xiaoxiong.api.service.impl.UserServiceImpl.regist(UserServiceImpl.java:58)
	at com.xiaoxiong.api.service.impl.UserServiceImpl$$FastClassBySpringCGLIB$$98dd20c.invoke(<generated>)
	at org.springframework.cglib.proxy.MethodProxy.invoke(MethodProxy.java:204)
	at org.springframework.aop.framework.CglibAopProxy$CglibMethodInvocation.invokeJoinpoint(CglibAopProxy.java:738)
	at org.springframework.aop.framework.ReflectiveMethodInvocation.proceed(ReflectiveMethodInvocation.java:157)
	at org.springframework.aop.framework.adapter.MethodBeforeAdviceInterceptor.invoke(MethodBeforeAdviceInterceptor.java:52)
	at org.springframework.aop.framework.ReflectiveMethodInvocation.proceed(ReflectiveMethodInvocation.java:179)
	at org.springframework.aop.framework.adapter.AfterReturningAdviceInterceptor.invoke(AfterReturningAdviceInterceptor.java:52)
	at org.springframework.aop.framework.ReflectiveMethodInvocation.proceed(ReflectiveMethodInvocation.java:179)
	at org.springframework.aop.interceptor.ExposeInvocationInterceptor.invoke(ExposeInvocationInterceptor.java:92)
	at org.springframework.aop.framework.ReflectiveMethodInvocation.proceed(ReflectiveMethodInvocation.java:179)
	at org.springframework.aop.framework.CglibAopProxy$DynamicAdvisedInterceptor.intercept(CglibAopProxy.java:673)
	at com.xiaoxiong.api.service.impl.UserServiceImpl$$EnhancerBySpringCGLIB$$f07608e5.regist(<generated>)
	at sun.reflect.NativeMethodAccessorImpl.invoke0(Native Method)
	at sun.reflect.NativeMethodAccessorImpl.invoke(NativeMethodAccessorImpl.java:62)
	at sun.reflect.DelegatingMethodAccessorImpl.invoke(DelegatingMethodAccessorImpl.java:43)
	at java.lang.reflect.Method.invoke(Method.java:498)
	at org.springframework.web.method.support.InvocableHandlerMethod.doInvoke(InvocableHandlerMethod.java:205)
	at org.springframework.web.method.support.InvocableHandlerMethod.invokeForRequest(InvocableHandlerMethod.java:133)
	at org.springframework.web.servlet.mvc.method.annotation.ServletInvocableHandlerMethod.invokeAndHandle(ServletInvocableHandlerMethod.java:97)
	at org.springframework.web.servlet.mvc.method.annotation.RequestMappingHandlerAdapter.invokeHandlerMethod(RequestMappingHandlerAdapter.java:827)
	at org.springframework.web.servlet.mvc.method.annotation.RequestMappingHandlerAdapter.handleInternal(RequestMappingHandlerAdapter.java:738)
	at org.springframework.web.servlet.mvc.method.AbstractHandlerMethodAdapter.handle(AbstractHandlerMethodAdapter.java:85)
	at org.springframework.web.servlet.DispatcherServlet.doDispatch(DispatcherServlet.java:963)
	at org.springframework.web.servlet.DispatcherServlet.doService(DispatcherServlet.java:897)
	at org.springframework.web.servlet.FrameworkServlet.processRequest(FrameworkServlet.java:970)
	at org.springframework.web.servlet.FrameworkServlet.doPost(FrameworkServlet.java:872)
	at javax.servlet.http.HttpServlet.service(HttpServlet.java:661)
	at org.springframework.web.servlet.FrameworkServlet.service(FrameworkServlet.java:846)
	at javax.servlet.http.HttpServlet.service(HttpServlet.java:742)
	at org.apache.catalina.core.ApplicationFilterChain.internalDoFilter(ApplicationFilterChain.java:231)
	at org.apache.catalina.core.ApplicationFilterChain.doFilter(ApplicationFilterChain.java:166)
	at org.apache.tomcat.websocket.server.WsFilter.doFilter(WsFilter.java:52)
	at org.apache.catalina.core.ApplicationFilterChain.internalDoFilter(ApplicationFilterChain.java:193)
	at org.apache.catalina.core.ApplicationFilterChain.doFilter(ApplicationFilterChain.java:166)
	at org.springframework.boot.web.filter.ApplicationContextHeaderFilter.doFilterInternal(ApplicationContextHeaderFilter.java:55)
	at org.springframework.web.filter.OncePerRequestFilter.doFilter(OncePerRequestFilter.java:107)
	at org.apache.catalina.core.ApplicationFilterChain.internalDoFilter(ApplicationFilterChain.java:193)
	at org.apache.catalina.core.ApplicationFilterChain.doFilter(ApplicationFilterChain.java:166)
	at org.springframework.boot.actuate.trace.WebRequestTraceFilter.doFilterInternal(WebRequestTraceFilter.java:110)
	at org.springframework.web.filter.OncePerRequestFilter.doFilter(OncePerRequestFilter.java:107)
	at org.apache.catalina.core.ApplicationFilterChain.internalDoFilter(ApplicationFilterChain.java:193)
	at org.apache.catalina.core.ApplicationFilterChain.doFilter(ApplicationFilterChain.java:166)
	at org.springframework.web.filter.RequestContextFilter.doFilterInternal(RequestContextFilter.java:99)
	at org.springframework.web.filter.OncePerRequestFilter.doFilter(OncePerRequestFilter.java:107)
	at org.apache.catalina.core.ApplicationFilterChain.internalDoFilter(ApplicationFilterChain.java:193)
	at org.apache.catalina.core.ApplicationFilterChain.doFilter(ApplicationFilterChain.java:166)
	at org.springframework.web.filter.HttpPutFormContentFilter.doFilterInternal(HttpPutFormContentFilter.java:105)
	at org.springframework.web.filter.OncePerRequestFilter.doFilter(OncePerRequestFilter.java:107)
	at org.apache.catalina.core.ApplicationFilterChain.internalDoFilter(ApplicationFilterChain.java:193)
	at org.apache.catalina.core.ApplicationFilterChain.doFilter(ApplicationFilterChain.java:166)
	at org.springframework.web.filter.HiddenHttpMethodFilter.doFilterInternal(HiddenHttpMethodFilter.java:81)
	at org.springframework.web.filter.OncePerRequestFilter.doFilter(OncePerRequestFilter.java:107)
	at org.apache.catalina.core.ApplicationFilterChain.internalDoFilter(ApplicationFilterChain.java:193)
	at org.apache.catalina.core.ApplicationFilterChain.doFilter(ApplicationFilterChain.java:166)
	at org.springframework.web.filter.CharacterEncodingFilter.doFilterInternal(CharacterEncodingFilter.java:197)
	at org.springframework.web.filter.OncePerRequestFilter.doFilter(OncePerRequestFilter.java:107)
	at org.apache.catalina.core.ApplicationFilterChain.internalDoFilter(ApplicationFilterChain.java:193)
	at org.apache.catalina.core.ApplicationFilterChain.doFilter(ApplicationFilterChain.java:166)
	at org.springframework.boot.actuate.autoconfigure.MetricsFilter.doFilterInternal(MetricsFilter.java:106)
	at org.springframework.web.filter.OncePerRequestFilter.doFilter(OncePerRequestFilter.java:107)
	at org.apache.catalina.core.ApplicationFilterChain.internalDoFilter(ApplicationFilterChain.java:193)
	at org.apache.catalina.core.ApplicationFilterChain.doFilter(ApplicationFilterChain.java:166)
	at org.apache.catalina.core.StandardWrapperValve.invoke(StandardWrapperValve.java:198)
	at org.apache.catalina.core.StandardContextValve.invoke(StandardContextValve.java:96)
	at org.apache.catalina.authenticator.AuthenticatorBase.invoke(AuthenticatorBase.java:478)
	at org.apache.catalina.core.StandardHostValve.invoke(StandardHostValve.java:140)
	at org.apache.catalina.valves.ErrorReportValve.invoke(ErrorReportValve.java:80)
	at org.apache.catalina.core.StandardEngineValve.invoke(StandardEngineValve.java:87)
	at org.apache.catalina.connector.CoyoteAdapter.service(CoyoteAdapter.java:342)
	at org.apache.coyote.http11.Http11Processor.service(Http11Processor.java:799)
	at org.apache.coyote.AbstractProcessorLight.process(AbstractProcessorLight.java:66)
	at org.apache.coyote.AbstractProtocol$ConnectionHandler.process(AbstractProtocol.java:861)
	at org.apache.tomcat.util.net.NioEndpoint$SocketProcessor.doRun(NioEndpoint.java:1455)
	at org.apache.tomcat.util.net.SocketProcessorBase.run(SocketProcessorBase.java:49)
	at java.util.concurrent.ThreadPoolExecutor.runWorker(ThreadPoolExecutor.java:1149)
	at java.util.concurrent.ThreadPoolExecutor$Worker.run(ThreadPoolExecutor.java:624)
	at org.apache.tomcat.util.threads.TaskThread$WrappingRunnable.run(TaskThread.java:61)
	at java.lang.Thread.run(Thread.java:748)
Caused by: com.mysql.jdbc.exceptions.jdbc4.MySQLIntegrityConstraintViolationException: Duplicate entry '张三' for key 'username'
	at sun.reflect.NativeConstructorAccessorImpl.newInstance0(Native Method)
	at sun.reflect.NativeConstructorAccessorImpl.newInstance(NativeConstructorAccessorImpl.java:62)
	at sun.reflect.DelegatingConstructorAccessorImpl.newInstance(DelegatingConstructorAccessorImpl.java:45)
	at java.lang.reflect.Constructor.newInstance(Constructor.java:423)
	at com.mysql.jdbc.Util.handleNewInstance(Util.java:425)
	at com.mysql.jdbc.Util.getInstance(Util.java:408)
	at com.mysql.jdbc.SQLError.createSQLException(SQLError.java:935)
	at com.mysql.jdbc.MysqlIO.checkErrorPacket(MysqlIO.java:3973)
	at com.mysql.jdbc.MysqlIO.checkErrorPacket(MysqlIO.java:3909)
	at com.mysql.jdbc.MysqlIO.sendCommand(MysqlIO.java:2527)
	at com.mysql.jdbc.MysqlIO.sqlQueryDirect(MysqlIO.java:2680)
	at com.mysql.jdbc.ConnectionImpl.execSQL(ConnectionImpl.java:2501)
	at com.mysql.jdbc.PreparedStatement.executeInternal(PreparedStatement.java:1858)
	at com.mysql.jdbc.PreparedStatement.execute(PreparedStatement.java:1197)
	at com.alibaba.druid.pool.DruidPooledPreparedStatement.execute(DruidPooledPreparedStatement.java:493)
	at org.apache.ibatis.executor.statement.PreparedStatementHandler.update(PreparedStatementHandler.java:46)
	at org.apache.ibatis.executor.statement.RoutingStatementHandler.update(RoutingStatementHandler.java:74)
	at org.apache.ibatis.executor.SimpleExecutor.doUpdate(SimpleExecutor.java:50)
	at org.apache.ibatis.executor.BaseExecutor.update(BaseExecutor.java:117)
	at org.apache.ibatis.executor.CachingExecutor.update(CachingExecutor.java:76)
	at org.apache.ibatis.session.defaults.DefaultSqlSession.update(DefaultSqlSession.java:198)
	at org.apache.ibatis.session.defaults.DefaultSqlSession.insert(DefaultSqlSession.java:185)
	at sun.reflect.NativeMethodAccessorImpl.invoke0(Native Method)
	at sun.reflect.NativeMethodAccessorImpl.invoke(NativeMethodAccessorImpl.java:62)
	at sun.reflect.DelegatingMethodAccessorImpl.invoke(DelegatingMethodAccessorImpl.java:43)
	at java.lang.reflect.Method.invoke(Method.java:498)
	at org.mybatis.spring.SqlSessionTemplate$SqlSessionInterceptor.invoke(SqlSessionTemplate.java:433)
	... 99 common frames omitted
2019-04-16 14:43:11.155 [http-nio-8762-exec-1] INFO  com.xiaoxiong.common.log.LogAspectServiceApi - --------------返回内容----------------
2019-04-16 14:43:11.159 [http-nio-8762-exec-1] INFO  com.xiaoxiong.common.log.LogAspectServiceApi - Response内容:{"msg":"注册失败！！","code":500}
2019-04-16 14:43:11.159 [http-nio-8762-exec-1] INFO  com.xiaoxiong.common.log.LogAspectServiceApi - --------------返回内容----------------
2019-04-16 14:45:01.768 [AsyncResolver-bootstrap-executor-0] INFO  com.netflix.discovery.shared.resolver.aws.ConfigClusterResolver - Resolving eureka endpoints via configuration
2019-04-16 14:46:33.256 [http-nio-8762-exec-3] INFO  com.xiaoxiong.common.log.LogAspectServiceApi - ===============请求内容===============
2019-04-16 14:46:33.256 [http-nio-8762-exec-3] INFO  com.xiaoxiong.common.log.LogAspectServiceApi - 请求地址:http://127.0.0.1:8762/member/regist
2019-04-16 14:46:33.256 [http-nio-8762-exec-3] INFO  com.xiaoxiong.common.log.LogAspectServiceApi - 请求方式:POST
2019-04-16 14:46:33.256 [http-nio-8762-exec-3] INFO  com.xiaoxiong.common.log.LogAspectServiceApi - 请求类方法:Map com.xiaoxiong.api.service.impl.UserServiceImpl.regist(UserEntity)
2019-04-16 14:46:33.256 [http-nio-8762-exec-3] INFO  com.xiaoxiong.common.log.LogAspectServiceApi - 请求类方法参数:[com.xiaoxiong.entity.UserEntity@58352a5f]
2019-04-16 14:46:33.256 [http-nio-8762-exec-3] INFO  com.xiaoxiong.common.log.LogAspectServiceApi - ===============请求内容===============
2019-04-16 14:46:33.256 [http-nio-8762-exec-3] INFO  com.xiaoxiong.common.log.LogAspectServiceApi - ===============请求内容===============
2019-04-16 14:46:33.256 [http-nio-8762-exec-3] INFO  com.xiaoxiong.common.log.LogAspectServiceApi - 请求地址:http://127.0.0.1:8762/member/regist
2019-04-16 14:46:33.256 [http-nio-8762-exec-3] INFO  com.xiaoxiong.common.log.LogAspectServiceApi - 请求方式:POST
2019-04-16 14:46:33.256 [http-nio-8762-exec-3] INFO  com.xiaoxiong.common.log.LogAspectServiceApi - 请求类方法:void com.xiaoxiong.common.mybatis.BaseDao.save(Object,String)
2019-04-16 14:46:33.257 [http-nio-8762-exec-3] INFO  com.xiaoxiong.common.log.LogAspectServiceApi - 请求类方法参数:[com.xiaoxiong.entity.UserEntity@58352a5f, mb_user]
2019-04-16 14:46:33.257 [http-nio-8762-exec-3] INFO  com.xiaoxiong.common.log.LogAspectServiceApi - ===============请求内容===============
2019-04-16 14:46:33.443 [http-nio-8762-exec-3] INFO  com.xiaoxiong.common.log.LogAspectServiceApi - --------------返回内容----------------
2019-04-16 14:46:33.443 [http-nio-8762-exec-3] INFO  com.xiaoxiong.common.log.LogAspectServiceApi - Response内容:null
2019-04-16 14:46:33.443 [http-nio-8762-exec-3] INFO  com.xiaoxiong.common.log.LogAspectServiceApi - --------------返回内容----------------
2019-04-16 14:46:33.448 [http-nio-8762-exec-3] INFO  com.xiaoxiong.api.service.impl.UserServiceImpl - ###regist() 注册发送邮件报文mailMessage:{"header":{"interfaceType":"sms_mail"},"content":{"userName":"张三","email":"875110381@qq.com"}}
2019-04-16 14:46:33.448 [http-nio-8762-exec-3] INFO  com.xiaoxiong.common.log.LogAspectServiceApi - ===============请求内容===============
2019-04-16 14:46:33.448 [http-nio-8762-exec-3] INFO  com.xiaoxiong.common.log.LogAspectServiceApi - 请求地址:http://127.0.0.1:8762/member/regist
2019-04-16 14:46:33.448 [http-nio-8762-exec-3] INFO  com.xiaoxiong.common.log.LogAspectServiceApi - 请求方式:POST
2019-04-16 14:46:33.448 [http-nio-8762-exec-3] INFO  com.xiaoxiong.common.log.LogAspectServiceApi - 请求类方法:void com.xiaoxiong.mq.RegisterMailboxProducer.send(Destination,String)
2019-04-16 14:46:33.448 [http-nio-8762-exec-3] INFO  com.xiaoxiong.common.log.LogAspectServiceApi - 请求类方法参数:[queue://mail_queue, {"header":{"interfaceType":"sms_mail"},"content":{"userName":"张三","email":"875110381@qq.com"}}]
2019-04-16 14:46:33.448 [http-nio-8762-exec-3] INFO  com.xiaoxiong.common.log.LogAspectServiceApi - ===============请求内容===============
2019-04-16 14:46:34.039 [http-nio-8762-exec-3] INFO  com.xiaoxiong.common.log.LogAspectServiceApi - --------------返回内容----------------
2019-04-16 14:46:34.039 [http-nio-8762-exec-3] INFO  com.xiaoxiong.common.log.LogAspectServiceApi - Response内容:null
2019-04-16 14:46:34.039 [http-nio-8762-exec-3] INFO  com.xiaoxiong.common.log.LogAspectServiceApi - --------------返回内容----------------
2019-04-16 14:46:34.039 [http-nio-8762-exec-3] INFO  com.xiaoxiong.common.log.LogAspectServiceApi - --------------返回内容----------------
2019-04-16 14:46:34.039 [http-nio-8762-exec-3] INFO  com.xiaoxiong.common.log.LogAspectServiceApi - Response内容:{"msg":"success","code":200}
2019-04-16 14:46:34.039 [http-nio-8762-exec-3] INFO  com.xiaoxiong.common.log.LogAspectServiceApi - --------------返回内容----------------
2019-04-16 14:50:01.777 [AsyncResolver-bootstrap-executor-0] INFO  com.netflix.discovery.shared.resolver.aws.ConfigClusterResolver - Resolving eureka endpoints via configuration
2019-04-16 14:53:20.238 [main] INFO  com.xiaoxiong.MemberServer - No active profile set, falling back to default profiles: default
2019-04-16 14:53:23.094 [main] INFO  org.apache.catalina.core.StandardService - Starting service Tomcat
2019-04-16 14:53:23.096 [main] INFO  org.apache.catalina.core.StandardEngine - Starting Servlet Engine: Apache Tomcat/8.5.14
2019-04-16 14:53:23.276 [localhost-startStop-1] INFO  org.apache.catalina.core.ContainerBase.[Tomcat].[localhost].[/] - Initializing Spring embedded WebApplicationContext
2019-04-16 14:53:25.024 [main] WARN  com.netflix.config.sources.URLConfigurationSource - No URLs will be polled as dynamic configuration sources.
2019-04-16 14:53:25.024 [main] INFO  com.netflix.config.sources.URLConfigurationSource - To enable URLs as dynamic configuration sources, define System property archaius.configurationSource.additionalUrls or make config.properties available on classpath.
2019-04-16 14:53:25.030 [main] WARN  com.netflix.config.sources.URLConfigurationSource - No URLs will be polled as dynamic configuration sources.
2019-04-16 14:53:25.032 [main] INFO  com.netflix.config.sources.URLConfigurationSource - To enable URLs as dynamic configuration sources, define System property archaius.configurationSource.additionalUrls or make config.properties available on classpath.
2019-04-16 14:53:27.916 [main] WARN  org.springframework.cloud.starter.eureka.server.EurekaServerStarterDeprecationWarningAutoConfiguration - spring-cloud-starter-eureka-server is deprecated as of Spring Cloud Netflix 1.4.0, please migrate to spring-cloud-starter-netflix-eureka-server
2019-04-16 14:53:28.133 [main] INFO  com.netflix.discovery.DiscoveryClient - Initializing Eureka in region us-east-1
2019-04-16 14:53:28.516 [main] INFO  com.netflix.discovery.provider.DiscoveryJerseyProvider - Using JSON encoding codec LegacyJacksonJson
2019-04-16 14:53:28.516 [main] INFO  com.netflix.discovery.provider.DiscoveryJerseyProvider - Using JSON decoding codec LegacyJacksonJson
2019-04-16 14:53:28.656 [main] INFO  com.netflix.discovery.provider.DiscoveryJerseyProvider - Using XML encoding codec XStreamXml
2019-04-16 14:53:28.656 [main] INFO  com.netflix.discovery.provider.DiscoveryJerseyProvider - Using XML decoding codec XStreamXml
2019-04-16 14:53:28.933 [main] INFO  com.netflix.discovery.shared.resolver.aws.ConfigClusterResolver - Resolving eureka endpoints via configuration
2019-04-16 14:53:29.050 [main] INFO  com.netflix.discovery.DiscoveryClient - Disable delta property : false
2019-04-16 14:53:29.050 [main] INFO  com.netflix.discovery.DiscoveryClient - Single vip registry refresh property : null
2019-04-16 14:53:29.050 [main] INFO  com.netflix.discovery.DiscoveryClient - Force full registry fetch : false
2019-04-16 14:53:29.050 [main] INFO  com.netflix.discovery.DiscoveryClient - Application is null : false
2019-04-16 14:53:29.051 [main] INFO  com.netflix.discovery.DiscoveryClient - Registered Applications size is zero : true
2019-04-16 14:53:29.051 [main] INFO  com.netflix.discovery.DiscoveryClient - Application version is -1: true
2019-04-16 14:53:29.051 [main] INFO  com.netflix.discovery.DiscoveryClient - Getting all instance registry info from the eureka server
2019-04-16 14:53:29.302 [main] INFO  com.netflix.discovery.DiscoveryClient - The response status is 200
2019-04-16 14:53:29.304 [main] INFO  com.netflix.discovery.DiscoveryClient - Starting heartbeat executor: renew interval is: 30
2019-04-16 14:53:29.307 [main] INFO  com.netflix.discovery.InstanceInfoReplicator - InstanceInfoReplicator onDemand update allowed rate per min is 4
2019-04-16 14:53:29.311 [main] INFO  com.netflix.discovery.DiscoveryClient - Discovery Client initialized at timestamp 1555397609311 with initial instances count: 2
2019-04-16 14:53:29.323 [main] INFO  com.netflix.discovery.DiscoveryClient - Saw local status change event StatusChangeEvent [timestamp=1555397609323, current=UP, previous=STARTING]
2019-04-16 14:53:29.418 [main] INFO  org.apache.coyote.http11.Http11NioProtocol - Initializing ProtocolHandler ["http-nio-8762"]
2019-04-16 14:53:29.432 [main] INFO  org.apache.coyote.http11.Http11NioProtocol - Starting ProtocolHandler ["http-nio-8762"]
2019-04-16 14:53:29.445 [main] INFO  org.apache.tomcat.util.net.NioSelectorPool - Using a shared selector for servlet write/read
2019-04-16 14:53:29.473 [main] INFO  com.xiaoxiong.MemberServer - Started MemberServer in 11.937 seconds (JVM running for 13.84)
2019-04-16 14:53:30.660 [DiscoveryClient-InstanceInfoReplicator-0] INFO  com.alibaba.druid.pool.DruidDataSource - {dataSource-1} inited
2019-04-16 14:53:30.894 [DiscoveryClient-InstanceInfoReplicator-0] WARN  com.netflix.discovery.DiscoveryClient - Saw local status change event StatusChangeEvent [timestamp=1555397610894, current=DOWN, previous=UP]
2019-04-16 14:53:30.894 [DiscoveryClient-InstanceInfoReplicator-0] WARN  com.netflix.discovery.InstanceInfoReplicator - Ignoring onDemand update due to rate limiter
2019-04-16 14:53:30.894 [DiscoveryClient-InstanceInfoReplicator-0] INFO  com.netflix.discovery.DiscoveryClient - DiscoveryClient_MEMBER/SDWM-20190308VM:member:8762: registering service...
2019-04-16 14:53:30.926 [DiscoveryClient-InstanceInfoReplicator-0] INFO  com.netflix.discovery.DiscoveryClient - DiscoveryClient_MEMBER/SDWM-20190308VM:member:8762 - registration status: 204
2019-04-16 14:57:28.960 [main] INFO  com.xiaoxiong.MemberServer - No active profile set, falling back to default profiles: default
2019-04-16 14:57:31.799 [main] INFO  org.apache.catalina.core.StandardService - Starting service Tomcat
2019-04-16 14:57:31.800 [main] INFO  org.apache.catalina.core.StandardEngine - Starting Servlet Engine: Apache Tomcat/8.5.14
2019-04-16 14:57:31.974 [localhost-startStop-1] INFO  org.apache.catalina.core.ContainerBase.[Tomcat].[localhost].[/] - Initializing Spring embedded WebApplicationContext
2019-04-16 14:57:33.685 [main] WARN  com.netflix.config.sources.URLConfigurationSource - No URLs will be polled as dynamic configuration sources.
2019-04-16 14:57:33.685 [main] INFO  com.netflix.config.sources.URLConfigurationSource - To enable URLs as dynamic configuration sources, define System property archaius.configurationSource.additionalUrls or make config.properties available on classpath.
2019-04-16 14:57:33.692 [main] WARN  com.netflix.config.sources.URLConfigurationSource - No URLs will be polled as dynamic configuration sources.
2019-04-16 14:57:33.692 [main] INFO  com.netflix.config.sources.URLConfigurationSource - To enable URLs as dynamic configuration sources, define System property archaius.configurationSource.additionalUrls or make config.properties available on classpath.
2019-04-16 14:57:37.086 [main] WARN  org.springframework.cloud.starter.eureka.server.EurekaServerStarterDeprecationWarningAutoConfiguration - spring-cloud-starter-eureka-server is deprecated as of Spring Cloud Netflix 1.4.0, please migrate to spring-cloud-starter-netflix-eureka-server
2019-04-16 14:57:37.524 [main] INFO  com.netflix.discovery.DiscoveryClient - Initializing Eureka in region us-east-1
2019-04-16 14:57:37.921 [main] INFO  com.netflix.discovery.provider.DiscoveryJerseyProvider - Using JSON encoding codec LegacyJacksonJson
2019-04-16 14:57:37.921 [main] INFO  com.netflix.discovery.provider.DiscoveryJerseyProvider - Using JSON decoding codec LegacyJacksonJson
2019-04-16 14:57:38.093 [main] INFO  com.netflix.discovery.provider.DiscoveryJerseyProvider - Using XML encoding codec XStreamXml
2019-04-16 14:57:38.094 [main] INFO  com.netflix.discovery.provider.DiscoveryJerseyProvider - Using XML decoding codec XStreamXml
2019-04-16 14:57:38.483 [main] INFO  com.netflix.discovery.shared.resolver.aws.ConfigClusterResolver - Resolving eureka endpoints via configuration
2019-04-16 14:57:38.600 [main] INFO  com.netflix.discovery.DiscoveryClient - Disable delta property : false
2019-04-16 14:57:38.600 [main] INFO  com.netflix.discovery.DiscoveryClient - Single vip registry refresh property : null
2019-04-16 14:57:38.600 [main] INFO  com.netflix.discovery.DiscoveryClient - Force full registry fetch : false
2019-04-16 14:57:38.600 [main] INFO  com.netflix.discovery.DiscoveryClient - Application is null : false
2019-04-16 14:57:38.601 [main] INFO  com.netflix.discovery.DiscoveryClient - Registered Applications size is zero : true
2019-04-16 14:57:38.601 [main] INFO  com.netflix.discovery.DiscoveryClient - Application version is -1: true
2019-04-16 14:57:38.601 [main] INFO  com.netflix.discovery.DiscoveryClient - Getting all instance registry info from the eureka server
2019-04-16 14:57:38.911 [main] INFO  com.netflix.discovery.DiscoveryClient - The response status is 200
2019-04-16 14:57:38.915 [main] INFO  com.netflix.discovery.DiscoveryClient - Starting heartbeat executor: renew interval is: 30
2019-04-16 14:57:38.919 [main] INFO  com.netflix.discovery.InstanceInfoReplicator - InstanceInfoReplicator onDemand update allowed rate per min is 4
2019-04-16 14:57:38.923 [main] INFO  com.netflix.discovery.DiscoveryClient - Discovery Client initialized at timestamp 1555397858922 with initial instances count: 2
2019-04-16 14:57:38.936 [main] INFO  com.netflix.discovery.DiscoveryClient - Saw local status change event StatusChangeEvent [timestamp=1555397858936, current=UP, previous=STARTING]
2019-04-16 14:57:39.041 [main] INFO  org.apache.coyote.http11.Http11NioProtocol - Initializing ProtocolHandler ["http-nio-8762"]
2019-04-16 14:57:39.056 [main] INFO  org.apache.coyote.http11.Http11NioProtocol - Starting ProtocolHandler ["http-nio-8762"]
2019-04-16 14:57:39.071 [main] INFO  org.apache.tomcat.util.net.NioSelectorPool - Using a shared selector for servlet write/read
2019-04-16 14:57:39.107 [main] INFO  com.xiaoxiong.MemberServer - Started MemberServer in 12.228 seconds (JVM running for 15.034)
2019-04-16 14:57:40.345 [DiscoveryClient-InstanceInfoReplicator-0] INFO  com.alibaba.druid.pool.DruidDataSource - {dataSource-1} inited
2019-04-16 14:57:40.566 [DiscoveryClient-InstanceInfoReplicator-0] WARN  com.netflix.discovery.DiscoveryClient - Saw local status change event StatusChangeEvent [timestamp=1555397860566, current=DOWN, previous=UP]
2019-04-16 14:57:40.567 [DiscoveryClient-InstanceInfoReplicator-0] WARN  com.netflix.discovery.InstanceInfoReplicator - Ignoring onDemand update due to rate limiter
2019-04-16 14:57:40.567 [DiscoveryClient-InstanceInfoReplicator-0] INFO  com.netflix.discovery.DiscoveryClient - DiscoveryClient_MEMBER/SDWM-20190308VM:member:8762: registering service...
2019-04-16 14:57:40.601 [DiscoveryClient-InstanceInfoReplicator-0] INFO  com.netflix.discovery.DiscoveryClient - DiscoveryClient_MEMBER/SDWM-20190308VM:member:8762 - registration status: 204
2019-04-16 14:57:50.221 [http-nio-8762-exec-1] INFO  org.apache.catalina.core.ContainerBase.[Tomcat].[localhost].[/] - Initializing Spring FrameworkServlet 'dispatcherServlet'
2019-04-16 14:57:50.312 [http-nio-8762-exec-1] INFO  com.xiaoxiong.common.log.LogAspectServiceApi - ===============请求内容===============
2019-04-16 14:57:50.312 [http-nio-8762-exec-1] INFO  com.xiaoxiong.common.log.LogAspectServiceApi - 请求地址:http://127.0.0.1:8762/member/regist
2019-04-16 14:57:50.312 [http-nio-8762-exec-1] INFO  com.xiaoxiong.common.log.LogAspectServiceApi - 请求方式:POST
2019-04-16 14:57:50.315 [http-nio-8762-exec-1] INFO  com.xiaoxiong.common.log.LogAspectServiceApi - 请求类方法:Map com.xiaoxiong.api.service.impl.UserServiceImpl.regist(UserEntity)
2019-04-16 14:57:50.315 [http-nio-8762-exec-1] INFO  com.xiaoxiong.common.log.LogAspectServiceApi - 请求类方法参数:[com.xiaoxiong.entity.UserEntity@13aef334]
2019-04-16 14:57:50.315 [http-nio-8762-exec-1] INFO  com.xiaoxiong.common.log.LogAspectServiceApi - ===============请求内容===============
2019-04-16 14:57:50.324 [http-nio-8762-exec-1] INFO  com.xiaoxiong.common.log.LogAspectServiceApi - ===============请求内容===============
2019-04-16 14:57:50.324 [http-nio-8762-exec-1] INFO  com.xiaoxiong.common.log.LogAspectServiceApi - 请求地址:http://127.0.0.1:8762/member/regist
2019-04-16 14:57:50.324 [http-nio-8762-exec-1] INFO  com.xiaoxiong.common.log.LogAspectServiceApi - 请求方式:POST
2019-04-16 14:57:50.324 [http-nio-8762-exec-1] INFO  com.xiaoxiong.common.log.LogAspectServiceApi - 请求类方法:void com.xiaoxiong.common.mybatis.BaseDao.save(Object,String)
2019-04-16 14:57:50.324 [http-nio-8762-exec-1] INFO  com.xiaoxiong.common.log.LogAspectServiceApi - 请求类方法参数:[com.xiaoxiong.entity.UserEntity@13aef334, mb_user]
2019-04-16 14:57:50.325 [http-nio-8762-exec-1] INFO  com.xiaoxiong.common.log.LogAspectServiceApi - ===============请求内容===============
2019-04-16 14:57:50.478 [http-nio-8762-exec-1] INFO  com.xiaoxiong.common.log.LogAspectServiceApi - --------------返回内容----------------
2019-04-16 14:57:50.480 [http-nio-8762-exec-1] INFO  com.xiaoxiong.common.log.LogAspectServiceApi - Response内容:null
2019-04-16 14:57:50.480 [http-nio-8762-exec-1] INFO  com.xiaoxiong.common.log.LogAspectServiceApi - --------------返回内容----------------
2019-04-16 14:58:39.528 [http-nio-8762-exec-1] INFO  com.xiaoxiong.api.service.impl.UserServiceImpl - ###regist() 注册发送邮件报文mailMessage:{"header":{"interfaceType":"sms_mail"},"content":{"userName":"张三","email":"875110381@qq.com"}}
2019-04-16 14:58:53.809 [http-nio-8762-exec-1] INFO  com.xiaoxiong.common.log.LogAspectServiceApi - ===============请求内容===============
2019-04-16 14:58:53.810 [http-nio-8762-exec-1] INFO  com.xiaoxiong.common.log.LogAspectServiceApi - 请求地址:http://127.0.0.1:8762/member/regist
2019-04-16 14:58:53.811 [http-nio-8762-exec-1] INFO  com.xiaoxiong.common.log.LogAspectServiceApi - 请求方式:POST
2019-04-16 14:58:53.811 [http-nio-8762-exec-1] INFO  com.xiaoxiong.common.log.LogAspectServiceApi - 请求类方法:void com.xiaoxiong.mq.RegisterMailboxProducer.send(Destination,String)
2019-04-16 14:58:53.812 [http-nio-8762-exec-1] INFO  com.xiaoxiong.common.log.LogAspectServiceApi - 请求类方法参数:[queue://mail_queue, {"header":{"interfaceType":"sms_mail"},"content":{"userName":"张三","email":"875110381@qq.com"}}]
2019-04-16 14:58:53.813 [http-nio-8762-exec-1] INFO  com.xiaoxiong.common.log.LogAspectServiceApi - ===============请求内容===============
2019-04-16 14:58:54.110 [http-nio-8762-exec-1] INFO  com.xiaoxiong.common.log.LogAspectServiceApi - --------------返回内容----------------
2019-04-16 14:58:54.112 [http-nio-8762-exec-1] INFO  com.xiaoxiong.common.log.LogAspectServiceApi - Response内容:null
2019-04-16 14:58:54.113 [http-nio-8762-exec-1] INFO  com.xiaoxiong.common.log.LogAspectServiceApi - --------------返回内容----------------
2019-04-16 15:00:11.988 [http-nio-8762-exec-1] INFO  com.xiaoxiong.common.log.LogAspectServiceApi - --------------返回内容----------------
2019-04-16 15:00:12.018 [http-nio-8762-exec-1] INFO  com.xiaoxiong.common.log.LogAspectServiceApi - Response内容:{"msg":"success","code":200}
2019-04-16 15:00:12.019 [http-nio-8762-exec-1] INFO  com.xiaoxiong.common.log.LogAspectServiceApi - --------------返回内容----------------
2019-04-16 15:02:14.066 [http-nio-8762-exec-3] INFO  com.xiaoxiong.common.log.LogAspectServiceApi - ===============请求内容===============
2019-04-16 15:02:14.067 [http-nio-8762-exec-3] INFO  com.xiaoxiong.common.log.LogAspectServiceApi - 请求地址:http://127.0.0.1:8762/member/regist
2019-04-16 15:02:14.067 [http-nio-8762-exec-3] INFO  com.xiaoxiong.common.log.LogAspectServiceApi - 请求方式:POST
2019-04-16 15:02:14.067 [http-nio-8762-exec-3] INFO  com.xiaoxiong.common.log.LogAspectServiceApi - 请求类方法:Map com.xiaoxiong.api.service.impl.UserServiceImpl.regist(UserEntity)
2019-04-16 15:02:14.067 [http-nio-8762-exec-3] INFO  com.xiaoxiong.common.log.LogAspectServiceApi - 请求类方法参数:[com.xiaoxiong.entity.UserEntity@4770d9d3]
2019-04-16 15:02:14.067 [http-nio-8762-exec-3] INFO  com.xiaoxiong.common.log.LogAspectServiceApi - ===============请求内容===============
2019-04-16 15:02:14.067 [http-nio-8762-exec-3] INFO  com.xiaoxiong.common.log.LogAspectServiceApi - ===============请求内容===============
2019-04-16 15:02:14.067 [http-nio-8762-exec-3] INFO  com.xiaoxiong.common.log.LogAspectServiceApi - 请求地址:http://127.0.0.1:8762/member/regist
2019-04-16 15:02:14.067 [http-nio-8762-exec-3] INFO  com.xiaoxiong.common.log.LogAspectServiceApi - 请求方式:POST
2019-04-16 15:02:14.067 [http-nio-8762-exec-3] INFO  com.xiaoxiong.common.log.LogAspectServiceApi - 请求类方法:void com.xiaoxiong.common.mybatis.BaseDao.save(Object,String)
2019-04-16 15:02:14.067 [http-nio-8762-exec-3] INFO  com.xiaoxiong.common.log.LogAspectServiceApi - 请求类方法参数:[com.xiaoxiong.entity.UserEntity@4770d9d3, mb_user]
2019-04-16 15:02:14.067 [http-nio-8762-exec-3] INFO  com.xiaoxiong.common.log.LogAspectServiceApi - ===============请求内容===============
2019-04-16 15:02:14.265 [http-nio-8762-exec-3] ERROR com.xiaoxiong.api.service.impl.UserServiceImpl - ###regist()  error:
org.springframework.dao.DuplicateKeyException: 
### Error updating database.  Cause: com.mysql.jdbc.exceptions.jdbc4.MySQLIntegrityConstraintViolationException: Duplicate entry '张三' for key 'username'
### The error may involve com.xiaoxiong.dao.UserDao.save-Inline
### The error occurred while setting parameters
### SQL: INSERT INTO mb_user  (userName,phone,email,password,id,created,updated) VALUES ('张三','123456','875110381@qq.com','E10ADC3949BA59ABBE56E057F20F883E',null,'2019-04-16 15:02:14.067','2019-04-16 15:02:14.067')
### Cause: com.mysql.jdbc.exceptions.jdbc4.MySQLIntegrityConstraintViolationException: Duplicate entry '张三' for key 'username'
; SQL []; Duplicate entry '张三' for key 'username'; nested exception is com.mysql.jdbc.exceptions.jdbc4.MySQLIntegrityConstraintViolationException: Duplicate entry '张三' for key 'username'
	at org.springframework.jdbc.support.SQLErrorCodeSQLExceptionTranslator.doTranslate(SQLErrorCodeSQLExceptionTranslator.java:239)
	at org.springframework.jdbc.support.AbstractFallbackSQLExceptionTranslator.translate(AbstractFallbackSQLExceptionTranslator.java:73)
	at org.mybatis.spring.MyBatisExceptionTranslator.translateExceptionIfPossible(MyBatisExceptionTranslator.java:73)
	at org.mybatis.spring.SqlSessionTemplate$SqlSessionInterceptor.invoke(SqlSessionTemplate.java:446)
	at com.sun.proxy.$Proxy97.insert(Unknown Source)
	at org.mybatis.spring.SqlSessionTemplate.insert(SqlSessionTemplate.java:278)
	at org.apache.ibatis.binding.MapperMethod.execute(MapperMethod.java:56)
	at org.apache.ibatis.binding.MapperProxy.invoke(MapperProxy.java:53)
	at com.sun.proxy.$Proxy100.save(Unknown Source)
	at sun.reflect.NativeMethodAccessorImpl.invoke0(Native Method)
	at sun.reflect.NativeMethodAccessorImpl.invoke(NativeMethodAccessorImpl.java:62)
	at sun.reflect.DelegatingMethodAccessorImpl.invoke(DelegatingMethodAccessorImpl.java:43)
	at java.lang.reflect.Method.invoke(Method.java:498)
	at org.springframework.aop.support.AopUtils.invokeJoinpointUsingReflection(AopUtils.java:333)
	at org.springframework.aop.framework.ReflectiveMethodInvocation.invokeJoinpoint(ReflectiveMethodInvocation.java:190)
	at org.springframework.aop.framework.ReflectiveMethodInvocation.proceed(ReflectiveMethodInvocation.java:157)
	at org.springframework.aop.framework.adapter.MethodBeforeAdviceInterceptor.invoke(MethodBeforeAdviceInterceptor.java:52)
	at org.springframework.aop.framework.ReflectiveMethodInvocation.proceed(ReflectiveMethodInvocation.java:179)
	at org.springframework.aop.framework.adapter.AfterReturningAdviceInterceptor.invoke(AfterReturningAdviceInterceptor.java:52)
	at org.springframework.aop.framework.ReflectiveMethodInvocation.proceed(ReflectiveMethodInvocation.java:179)
	at org.springframework.aop.interceptor.ExposeInvocationInterceptor.invoke(ExposeInvocationInterceptor.java:92)
	at org.springframework.aop.framework.ReflectiveMethodInvocation.proceed(ReflectiveMethodInvocation.java:179)
	at org.springframework.aop.framework.JdkDynamicAopProxy.invoke(JdkDynamicAopProxy.java:213)
	at com.sun.proxy.$Proxy102.save(Unknown Source)
	at com.xiaoxiong.api.service.impl.UserServiceImpl.regist(UserServiceImpl.java:58)
	at com.xiaoxiong.api.service.impl.UserServiceImpl$$FastClassBySpringCGLIB$$98dd20c.invoke(<generated>)
	at org.springframework.cglib.proxy.MethodProxy.invoke(MethodProxy.java:204)
	at org.springframework.aop.framework.CglibAopProxy$CglibMethodInvocation.invokeJoinpoint(CglibAopProxy.java:738)
	at org.springframework.aop.framework.ReflectiveMethodInvocation.proceed(ReflectiveMethodInvocation.java:157)
	at org.springframework.aop.framework.adapter.MethodBeforeAdviceInterceptor.invoke(MethodBeforeAdviceInterceptor.java:52)
	at org.springframework.aop.framework.ReflectiveMethodInvocation.proceed(ReflectiveMethodInvocation.java:179)
	at org.springframework.aop.framework.adapter.AfterReturningAdviceInterceptor.invoke(AfterReturningAdviceInterceptor.java:52)
	at org.springframework.aop.framework.ReflectiveMethodInvocation.proceed(ReflectiveMethodInvocation.java:179)
	at org.springframework.aop.interceptor.ExposeInvocationInterceptor.invoke(ExposeInvocationInterceptor.java:92)
	at org.springframework.aop.framework.ReflectiveMethodInvocation.proceed(ReflectiveMethodInvocation.java:179)
	at org.springframework.aop.framework.CglibAopProxy$DynamicAdvisedInterceptor.intercept(CglibAopProxy.java:673)
	at com.xiaoxiong.api.service.impl.UserServiceImpl$$EnhancerBySpringCGLIB$$65baa0d3.regist(<generated>)
	at sun.reflect.NativeMethodAccessorImpl.invoke0(Native Method)
	at sun.reflect.NativeMethodAccessorImpl.invoke(NativeMethodAccessorImpl.java:62)
	at sun.reflect.DelegatingMethodAccessorImpl.invoke(DelegatingMethodAccessorImpl.java:43)
	at java.lang.reflect.Method.invoke(Method.java:498)
	at org.springframework.web.method.support.InvocableHandlerMethod.doInvoke(InvocableHandlerMethod.java:205)
	at org.springframework.web.method.support.InvocableHandlerMethod.invokeForRequest(InvocableHandlerMethod.java:133)
	at org.springframework.web.servlet.mvc.method.annotation.ServletInvocableHandlerMethod.invokeAndHandle(ServletInvocableHandlerMethod.java:97)
	at org.springframework.web.servlet.mvc.method.annotation.RequestMappingHandlerAdapter.invokeHandlerMethod(RequestMappingHandlerAdapter.java:827)
	at org.springframework.web.servlet.mvc.method.annotation.RequestMappingHandlerAdapter.handleInternal(RequestMappingHandlerAdapter.java:738)
	at org.springframework.web.servlet.mvc.method.AbstractHandlerMethodAdapter.handle(AbstractHandlerMethodAdapter.java:85)
	at org.springframework.web.servlet.DispatcherServlet.doDispatch(DispatcherServlet.java:963)
	at org.springframework.web.servlet.DispatcherServlet.doService(DispatcherServlet.java:897)
	at org.springframework.web.servlet.FrameworkServlet.processRequest(FrameworkServlet.java:970)
	at org.springframework.web.servlet.FrameworkServlet.doPost(FrameworkServlet.java:872)
	at javax.servlet.http.HttpServlet.service(HttpServlet.java:661)
	at org.springframework.web.servlet.FrameworkServlet.service(FrameworkServlet.java:846)
	at javax.servlet.http.HttpServlet.service(HttpServlet.java:742)
	at org.apache.catalina.core.ApplicationFilterChain.internalDoFilter(ApplicationFilterChain.java:231)
	at org.apache.catalina.core.ApplicationFilterChain.doFilter(ApplicationFilterChain.java:166)
	at org.apache.tomcat.websocket.server.WsFilter.doFilter(WsFilter.java:52)
	at org.apache.catalina.core.ApplicationFilterChain.internalDoFilter(ApplicationFilterChain.java:193)
	at org.apache.catalina.core.ApplicationFilterChain.doFilter(ApplicationFilterChain.java:166)
	at org.springframework.boot.web.filter.ApplicationContextHeaderFilter.doFilterInternal(ApplicationContextHeaderFilter.java:55)
	at org.springframework.web.filter.OncePerRequestFilter.doFilter(OncePerRequestFilter.java:107)
	at org.apache.catalina.core.ApplicationFilterChain.internalDoFilter(ApplicationFilterChain.java:193)
	at org.apache.catalina.core.ApplicationFilterChain.doFilter(ApplicationFilterChain.java:166)
	at org.springframework.boot.actuate.trace.WebRequestTraceFilter.doFilterInternal(WebRequestTraceFilter.java:110)
	at org.springframework.web.filter.OncePerRequestFilter.doFilter(OncePerRequestFilter.java:107)
	at org.apache.catalina.core.ApplicationFilterChain.internalDoFilter(ApplicationFilterChain.java:193)
	at org.apache.catalina.core.ApplicationFilterChain.doFilter(ApplicationFilterChain.java:166)
	at org.springframework.web.filter.RequestContextFilter.doFilterInternal(RequestContextFilter.java:99)
	at org.springframework.web.filter.OncePerRequestFilter.doFilter(OncePerRequestFilter.java:107)
	at org.apache.catalina.core.ApplicationFilterChain.internalDoFilter(ApplicationFilterChain.java:193)
	at org.apache.catalina.core.ApplicationFilterChain.doFilter(ApplicationFilterChain.java:166)
	at org.springframework.web.filter.HttpPutFormContentFilter.doFilterInternal(HttpPutFormContentFilter.java:105)
	at org.springframework.web.filter.OncePerRequestFilter.doFilter(OncePerRequestFilter.java:107)
	at org.apache.catalina.core.ApplicationFilterChain.internalDoFilter(ApplicationFilterChain.java:193)
	at org.apache.catalina.core.ApplicationFilterChain.doFilter(ApplicationFilterChain.java:166)
	at org.springframework.web.filter.HiddenHttpMethodFilter.doFilterInternal(HiddenHttpMethodFilter.java:81)
	at org.springframework.web.filter.OncePerRequestFilter.doFilter(OncePerRequestFilter.java:107)
	at org.apache.catalina.core.ApplicationFilterChain.internalDoFilter(ApplicationFilterChain.java:193)
	at org.apache.catalina.core.ApplicationFilterChain.doFilter(ApplicationFilterChain.java:166)
	at org.springframework.web.filter.CharacterEncodingFilter.doFilterInternal(CharacterEncodingFilter.java:197)
	at org.springframework.web.filter.OncePerRequestFilter.doFilter(OncePerRequestFilter.java:107)
	at org.apache.catalina.core.ApplicationFilterChain.internalDoFilter(ApplicationFilterChain.java:193)
	at org.apache.catalina.core.ApplicationFilterChain.doFilter(ApplicationFilterChain.java:166)
	at org.springframework.boot.actuate.autoconfigure.MetricsFilter.doFilterInternal(MetricsFilter.java:106)
	at org.springframework.web.filter.OncePerRequestFilter.doFilter(OncePerRequestFilter.java:107)
	at org.apache.catalina.core.ApplicationFilterChain.internalDoFilter(ApplicationFilterChain.java:193)
	at org.apache.catalina.core.ApplicationFilterChain.doFilter(ApplicationFilterChain.java:166)
	at org.apache.catalina.core.StandardWrapperValve.invoke(StandardWrapperValve.java:198)
	at org.apache.catalina.core.StandardContextValve.invoke(StandardContextValve.java:96)
	at org.apache.catalina.authenticator.AuthenticatorBase.invoke(AuthenticatorBase.java:478)
	at org.apache.catalina.core.StandardHostValve.invoke(StandardHostValve.java:140)
	at org.apache.catalina.valves.ErrorReportValve.invoke(ErrorReportValve.java:80)
	at org.apache.catalina.core.StandardEngineValve.invoke(StandardEngineValve.java:87)
	at org.apache.catalina.connector.CoyoteAdapter.service(CoyoteAdapter.java:342)
	at org.apache.coyote.http11.Http11Processor.service(Http11Processor.java:799)
	at org.apache.coyote.AbstractProcessorLight.process(AbstractProcessorLight.java:66)
	at org.apache.coyote.AbstractProtocol$ConnectionHandler.process(AbstractProtocol.java:861)
	at org.apache.tomcat.util.net.NioEndpoint$SocketProcessor.doRun(NioEndpoint.java:1455)
	at org.apache.tomcat.util.net.SocketProcessorBase.run(SocketProcessorBase.java:49)
	at java.util.concurrent.ThreadPoolExecutor.runWorker(ThreadPoolExecutor.java:1149)
	at java.util.concurrent.ThreadPoolExecutor$Worker.run(ThreadPoolExecutor.java:624)
	at org.apache.tomcat.util.threads.TaskThread$WrappingRunnable.run(TaskThread.java:61)
	at java.lang.Thread.run(Thread.java:748)
Caused by: com.mysql.jdbc.exceptions.jdbc4.MySQLIntegrityConstraintViolationException: Duplicate entry '张三' for key 'username'
	at sun.reflect.NativeConstructorAccessorImpl.newInstance0(Native Method)
	at sun.reflect.NativeConstructorAccessorImpl.newInstance(NativeConstructorAccessorImpl.java:62)
	at sun.reflect.DelegatingConstructorAccessorImpl.newInstance(DelegatingConstructorAccessorImpl.java:45)
	at java.lang.reflect.Constructor.newInstance(Constructor.java:423)
	at com.mysql.jdbc.Util.handleNewInstance(Util.java:425)
	at com.mysql.jdbc.Util.getInstance(Util.java:408)
	at com.mysql.jdbc.SQLError.createSQLException(SQLError.java:935)
	at com.mysql.jdbc.MysqlIO.checkErrorPacket(MysqlIO.java:3973)
	at com.mysql.jdbc.MysqlIO.checkErrorPacket(MysqlIO.java:3909)
	at com.mysql.jdbc.MysqlIO.sendCommand(MysqlIO.java:2527)
	at com.mysql.jdbc.MysqlIO.sqlQueryDirect(MysqlIO.java:2680)
	at com.mysql.jdbc.ConnectionImpl.execSQL(ConnectionImpl.java:2501)
	at com.mysql.jdbc.PreparedStatement.executeInternal(PreparedStatement.java:1858)
	at com.mysql.jdbc.PreparedStatement.execute(PreparedStatement.java:1197)
	at com.alibaba.druid.pool.DruidPooledPreparedStatement.execute(DruidPooledPreparedStatement.java:493)
	at org.apache.ibatis.executor.statement.PreparedStatementHandler.update(PreparedStatementHandler.java:46)
	at org.apache.ibatis.executor.statement.RoutingStatementHandler.update(RoutingStatementHandler.java:74)
	at org.apache.ibatis.executor.SimpleExecutor.doUpdate(SimpleExecutor.java:50)
	at org.apache.ibatis.executor.BaseExecutor.update(BaseExecutor.java:117)
	at org.apache.ibatis.executor.CachingExecutor.update(CachingExecutor.java:76)
	at org.apache.ibatis.session.defaults.DefaultSqlSession.update(DefaultSqlSession.java:198)
	at org.apache.ibatis.session.defaults.DefaultSqlSession.insert(DefaultSqlSession.java:185)
	at sun.reflect.NativeMethodAccessorImpl.invoke0(Native Method)
	at sun.reflect.NativeMethodAccessorImpl.invoke(NativeMethodAccessorImpl.java:62)
	at sun.reflect.DelegatingMethodAccessorImpl.invoke(DelegatingMethodAccessorImpl.java:43)
	at java.lang.reflect.Method.invoke(Method.java:498)
	at org.mybatis.spring.SqlSessionTemplate$SqlSessionInterceptor.invoke(SqlSessionTemplate.java:433)
	... 99 common frames omitted
2019-04-16 15:02:14.268 [http-nio-8762-exec-3] INFO  com.xiaoxiong.common.log.LogAspectServiceApi - --------------返回内容----------------
2019-04-16 15:02:14.268 [http-nio-8762-exec-3] INFO  com.xiaoxiong.common.log.LogAspectServiceApi - Response内容:{"msg":"注册失败！！","code":500}
2019-04-16 15:02:14.268 [http-nio-8762-exec-3] INFO  com.xiaoxiong.common.log.LogAspectServiceApi - --------------返回内容----------------
2019-04-16 15:02:38.610 [AsyncResolver-bootstrap-executor-0] INFO  com.netflix.discovery.shared.resolver.aws.ConfigClusterResolver - Resolving eureka endpoints via configuration
2019-04-16 16:05:29.906 [main] INFO  com.xiaoxiong.MemberServer - No active profile set, falling back to default profiles: default
2019-04-16 16:05:32.260 [main] INFO  org.apache.catalina.core.StandardService - Starting service Tomcat
2019-04-16 16:05:32.261 [main] INFO  org.apache.catalina.core.StandardEngine - Starting Servlet Engine: Apache Tomcat/8.5.14
2019-04-16 16:05:32.406 [localhost-startStop-1] INFO  org.apache.catalina.core.ContainerBase.[Tomcat].[localhost].[/] - Initializing Spring embedded WebApplicationContext
2019-04-16 16:05:33.870 [main] WARN  com.netflix.config.sources.URLConfigurationSource - No URLs will be polled as dynamic configuration sources.
2019-04-16 16:05:33.870 [main] INFO  com.netflix.config.sources.URLConfigurationSource - To enable URLs as dynamic configuration sources, define System property archaius.configurationSource.additionalUrls or make config.properties available on classpath.
2019-04-16 16:05:33.875 [main] WARN  com.netflix.config.sources.URLConfigurationSource - No URLs will be polled as dynamic configuration sources.
2019-04-16 16:05:33.875 [main] INFO  com.netflix.config.sources.URLConfigurationSource - To enable URLs as dynamic configuration sources, define System property archaius.configurationSource.additionalUrls or make config.properties available on classpath.
2019-04-16 16:05:37.262 [main] WARN  org.springframework.cloud.starter.eureka.server.EurekaServerStarterDeprecationWarningAutoConfiguration - spring-cloud-starter-eureka-server is deprecated as of Spring Cloud Netflix 1.4.0, please migrate to spring-cloud-starter-netflix-eureka-server
2019-04-16 16:05:37.495 [main] INFO  com.netflix.discovery.DiscoveryClient - Initializing Eureka in region us-east-1
2019-04-16 16:05:37.851 [main] INFO  com.netflix.discovery.provider.DiscoveryJerseyProvider - Using JSON encoding codec LegacyJacksonJson
2019-04-16 16:05:37.851 [main] INFO  com.netflix.discovery.provider.DiscoveryJerseyProvider - Using JSON decoding codec LegacyJacksonJson
2019-04-16 16:05:37.994 [main] INFO  com.netflix.discovery.provider.DiscoveryJerseyProvider - Using XML encoding codec XStreamXml
2019-04-16 16:05:37.995 [main] INFO  com.netflix.discovery.provider.DiscoveryJerseyProvider - Using XML decoding codec XStreamXml
2019-04-16 16:05:38.282 [main] INFO  com.netflix.discovery.shared.resolver.aws.ConfigClusterResolver - Resolving eureka endpoints via configuration
2019-04-16 16:05:38.399 [main] INFO  com.netflix.discovery.DiscoveryClient - Disable delta property : false
2019-04-16 16:05:38.399 [main] INFO  com.netflix.discovery.DiscoveryClient - Single vip registry refresh property : null
2019-04-16 16:05:38.399 [main] INFO  com.netflix.discovery.DiscoveryClient - Force full registry fetch : false
2019-04-16 16:05:38.399 [main] INFO  com.netflix.discovery.DiscoveryClient - Application is null : false
2019-04-16 16:05:38.399 [main] INFO  com.netflix.discovery.DiscoveryClient - Registered Applications size is zero : true
2019-04-16 16:05:38.400 [main] INFO  com.netflix.discovery.DiscoveryClient - Application version is -1: true
2019-04-16 16:05:38.400 [main] INFO  com.netflix.discovery.DiscoveryClient - Getting all instance registry info from the eureka server
2019-04-16 16:05:38.712 [main] INFO  com.netflix.discovery.DiscoveryClient - The response status is 200
2019-04-16 16:05:38.713 [main] INFO  com.netflix.discovery.DiscoveryClient - Starting heartbeat executor: renew interval is: 30
2019-04-16 16:05:38.717 [main] INFO  com.netflix.discovery.InstanceInfoReplicator - InstanceInfoReplicator onDemand update allowed rate per min is 4
2019-04-16 16:05:38.721 [main] INFO  com.netflix.discovery.DiscoveryClient - Discovery Client initialized at timestamp 1555401938721 with initial instances count: 0
2019-04-16 16:05:38.736 [main] INFO  com.netflix.discovery.DiscoveryClient - Saw local status change event StatusChangeEvent [timestamp=1555401938736, current=UP, previous=STARTING]
2019-04-16 16:05:38.826 [main] INFO  org.apache.coyote.http11.Http11NioProtocol - Initializing ProtocolHandler ["http-nio-8762"]
2019-04-16 16:05:38.839 [main] INFO  org.apache.coyote.http11.Http11NioProtocol - Starting ProtocolHandler ["http-nio-8762"]
2019-04-16 16:05:38.850 [main] INFO  org.apache.tomcat.util.net.NioSelectorPool - Using a shared selector for servlet write/read
2019-04-16 16:05:38.878 [main] INFO  com.xiaoxiong.MemberServer - Started MemberServer in 11.764 seconds (JVM running for 13.145)
2019-04-16 16:05:40.133 [DiscoveryClient-InstanceInfoReplicator-0] INFO  com.alibaba.druid.pool.DruidDataSource - {dataSource-1} inited
2019-04-16 16:05:40.336 [DiscoveryClient-InstanceInfoReplicator-0] WARN  com.netflix.discovery.DiscoveryClient - Saw local status change event StatusChangeEvent [timestamp=1555401940336, current=DOWN, previous=UP]
2019-04-16 16:05:40.337 [DiscoveryClient-InstanceInfoReplicator-0] WARN  com.netflix.discovery.InstanceInfoReplicator - Ignoring onDemand update due to rate limiter
2019-04-16 16:05:40.337 [DiscoveryClient-InstanceInfoReplicator-0] INFO  com.netflix.discovery.DiscoveryClient - DiscoveryClient_MEMBER/SDWM-20190308VM:member:8762: registering service...
2019-04-16 16:05:40.436 [DiscoveryClient-InstanceInfoReplicator-0] INFO  com.netflix.discovery.DiscoveryClient - DiscoveryClient_MEMBER/SDWM-20190308VM:member:8762 - registration status: 204
2019-04-16 16:06:08.718 [DiscoveryClient-CacheRefreshExecutor-0] INFO  com.netflix.discovery.DiscoveryClient - Disable delta property : false
2019-04-16 16:06:08.719 [DiscoveryClient-CacheRefreshExecutor-0] INFO  com.netflix.discovery.DiscoveryClient - Single vip registry refresh property : null
2019-04-16 16:06:08.719 [DiscoveryClient-CacheRefreshExecutor-0] INFO  com.netflix.discovery.DiscoveryClient - Force full registry fetch : false
2019-04-16 16:06:08.719 [DiscoveryClient-CacheRefreshExecutor-0] INFO  com.netflix.discovery.DiscoveryClient - Application is null : false
2019-04-16 16:06:08.719 [DiscoveryClient-CacheRefreshExecutor-0] INFO  com.netflix.discovery.DiscoveryClient - Registered Applications size is zero : true
2019-04-16 16:06:08.719 [DiscoveryClient-CacheRefreshExecutor-0] INFO  com.netflix.discovery.DiscoveryClient - Application version is -1: false
2019-04-16 16:06:08.719 [DiscoveryClient-CacheRefreshExecutor-0] INFO  com.netflix.discovery.DiscoveryClient - Getting all instance registry info from the eureka server
2019-04-16 16:06:08.839 [DiscoveryClient-CacheRefreshExecutor-0] INFO  com.netflix.discovery.DiscoveryClient - The response status is 200
2019-04-16 16:09:37.796 [http-nio-8762-exec-1] INFO  org.apache.catalina.core.ContainerBase.[Tomcat].[localhost].[/] - Initializing Spring FrameworkServlet 'dispatcherServlet'
2019-04-16 16:09:37.956 [http-nio-8762-exec-1] INFO  com.xiaoxiong.common.log.LogAspectServiceApi - ===============请求内容===============
2019-04-16 16:09:37.957 [http-nio-8762-exec-1] INFO  com.xiaoxiong.common.log.LogAspectServiceApi - 请求地址:http://127.0.0.1:8762/member/regist
2019-04-16 16:09:37.957 [http-nio-8762-exec-1] INFO  com.xiaoxiong.common.log.LogAspectServiceApi - 请求方式:POST
2019-04-16 16:09:37.959 [http-nio-8762-exec-1] INFO  com.xiaoxiong.common.log.LogAspectServiceApi - 请求类方法:Map com.xiaoxiong.api.service.impl.UserServiceImpl.regist(UserEntity)
2019-04-16 16:09:37.959 [http-nio-8762-exec-1] INFO  com.xiaoxiong.common.log.LogAspectServiceApi - 请求类方法参数:[com.xiaoxiong.entity.UserEntity@50c6e5b5]
2019-04-16 16:09:37.960 [http-nio-8762-exec-1] INFO  com.xiaoxiong.common.log.LogAspectServiceApi - ===============请求内容===============
2019-04-16 16:09:37.968 [http-nio-8762-exec-1] INFO  com.xiaoxiong.common.log.LogAspectServiceApi - ===============请求内容===============
2019-04-16 16:09:37.968 [http-nio-8762-exec-1] INFO  com.xiaoxiong.common.log.LogAspectServiceApi - 请求地址:http://127.0.0.1:8762/member/regist
2019-04-16 16:09:37.968 [http-nio-8762-exec-1] INFO  com.xiaoxiong.common.log.LogAspectServiceApi - 请求方式:POST
2019-04-16 16:09:37.968 [http-nio-8762-exec-1] INFO  com.xiaoxiong.common.log.LogAspectServiceApi - 请求类方法:void com.xiaoxiong.common.mybatis.BaseDao.save(Object,String)
2019-04-16 16:09:37.968 [http-nio-8762-exec-1] INFO  com.xiaoxiong.common.log.LogAspectServiceApi - 请求类方法参数:[com.xiaoxiong.entity.UserEntity@50c6e5b5, mb_user]
2019-04-16 16:09:37.968 [http-nio-8762-exec-1] INFO  com.xiaoxiong.common.log.LogAspectServiceApi - ===============请求内容===============
2019-04-16 16:09:38.378 [http-nio-8762-exec-1] INFO  com.xiaoxiong.common.log.LogAspectServiceApi - --------------返回内容----------------
2019-04-16 16:09:38.379 [http-nio-8762-exec-1] INFO  com.xiaoxiong.common.log.LogAspectServiceApi - Response内容:null
2019-04-16 16:09:38.379 [http-nio-8762-exec-1] INFO  com.xiaoxiong.common.log.LogAspectServiceApi - --------------返回内容----------------
2019-04-16 16:09:38.384 [http-nio-8762-exec-1] INFO  com.xiaoxiong.api.service.impl.UserServiceImpl - ###regist() 注册发送邮件报文mailMessage:{"header":{"interfaceType":"sms_mail"},"content":{"userName":"张三","email":"devin_8_20@163.com"}}
2019-04-16 16:09:38.384 [http-nio-8762-exec-1] INFO  com.xiaoxiong.common.log.LogAspectServiceApi - ===============请求内容===============
2019-04-16 16:09:38.385 [http-nio-8762-exec-1] INFO  com.xiaoxiong.common.log.LogAspectServiceApi - 请求地址:http://127.0.0.1:8762/member/regist
2019-04-16 16:09:38.385 [http-nio-8762-exec-1] INFO  com.xiaoxiong.common.log.LogAspectServiceApi - 请求方式:POST
2019-04-16 16:09:38.385 [http-nio-8762-exec-1] INFO  com.xiaoxiong.common.log.LogAspectServiceApi - 请求类方法:void com.xiaoxiong.mq.RegisterMailboxProducer.send(Destination,String)
2019-04-16 16:09:38.385 [http-nio-8762-exec-1] INFO  com.xiaoxiong.common.log.LogAspectServiceApi - 请求类方法参数:[queue://mail_queue, {"header":{"interfaceType":"sms_mail"},"content":{"userName":"张三","email":"devin_8_20@163.com"}}]
2019-04-16 16:09:38.385 [http-nio-8762-exec-1] INFO  com.xiaoxiong.common.log.LogAspectServiceApi - ===============请求内容===============
2019-04-16 16:09:38.475 [http-nio-8762-exec-1] INFO  com.xiaoxiong.common.log.LogAspectServiceApi - --------------返回内容----------------
2019-04-16 16:09:38.475 [http-nio-8762-exec-1] INFO  com.xiaoxiong.common.log.LogAspectServiceApi - Response内容:null
2019-04-16 16:09:38.475 [http-nio-8762-exec-1] INFO  com.xiaoxiong.common.log.LogAspectServiceApi - --------------返回内容----------------
2019-04-16 16:09:38.476 [http-nio-8762-exec-1] INFO  com.xiaoxiong.common.log.LogAspectServiceApi - --------------返回内容----------------
2019-04-16 16:09:38.477 [http-nio-8762-exec-1] INFO  com.xiaoxiong.common.log.LogAspectServiceApi - Response内容:{"msg":"success","code":200}
2019-04-16 16:09:38.477 [http-nio-8762-exec-1] INFO  com.xiaoxiong.common.log.LogAspectServiceApi - --------------返回内容----------------
2019-04-16 16:10:38.409 [AsyncResolver-bootstrap-executor-0] INFO  com.netflix.discovery.shared.resolver.aws.ConfigClusterResolver - Resolving eureka endpoints via configuration
